INFO: [VRFC 10-2263] Analyzing SystemVerilog file "/home/topalc/subat_29_withpins_andfuncs/subat_29_withpins_andfuncs.srcs/sources_1/imports/src/lowrisc_ibex_top_artya7_100_0.1/rtl/clkgen_xil7series.sv" into library xil_defaultlib
INFO: [VRFC 10-311] analyzing module clkgen_xil7series
INFO: [VRFC 10-2263] Analyzing SystemVerilog file "/home/topalc/subat_29_withpins_andfuncs/subat_29_withpins_andfuncs.srcs/sources_1/new/conversion_to_7display.sv" into library xil_defaultlib
INFO: [VRFC 10-311] analyzing module Binary_To_7Segment
INFO: [VRFC 10-2263] Analyzing SystemVerilog file "/home/topalc/subat_29_withpins_andfuncs/subat_29_withpins_andfuncs.srcs/sources_1/new/custom_module.sv" into library xil_defaultlib
INFO: [VRFC 10-311] analyzing module custom_module
INFO: [VRFC 10-2263] Analyzing SystemVerilog file "/home/topalc/subat_29_withpins_andfuncs/subat_29_withpins_andfuncs.srcs/sources_1/imports/src/lowrisc_ibex_ibex_core_0.1/rtl/ibex_pkg.sv" into library xil_defaultlib
INFO: [VRFC 10-2263] Analyzing SystemVerilog file "/home/topalc/subat_29_withpins_andfuncs/subat_29_withpins_andfuncs.srcs/sources_1/imports/src/lowrisc_ibex_ibex_core_0.1/rtl/ibex_alu.sv" into library xil_defaultlib
INFO: [VRFC 10-311] analyzing module ibex_alu
INFO: [VRFC 10-2263] Analyzing SystemVerilog file "/home/topalc/subat_29_withpins_andfuncs/subat_29_withpins_andfuncs.srcs/sources_1/imports/src/lowrisc_ibex_ibex_core_0.1/rtl/ibex_compressed_decoder.sv" into library xil_defaultlib
INFO: [VRFC 10-311] analyzing module ibex_compressed_decoder
INFO: [VRFC 10-2263] Analyzing SystemVerilog file "/home/topalc/subat_29_withpins_andfuncs/subat_29_withpins_andfuncs.srcs/sources_1/imports/src/lowrisc_ibex_ibex_core_0.1/rtl/ibex_controller.sv" into library xil_defaultlib
INFO: [VRFC 10-311] analyzing module ibex_controller
INFO: [VRFC 10-2263] Analyzing SystemVerilog file "/home/topalc/subat_29_withpins_andfuncs/subat_29_withpins_andfuncs.srcs/sources_1/imports/src/lowrisc_ibex_ibex_core_0.1/rtl/ibex_core.sv" into library xil_defaultlib
INFO: [VRFC 10-311] analyzing module ibex_core
WARNING: [VRFC 10-1315] redeclaration of ansi port custom_en_ex is not allowed [/home/topalc/subat_29_withpins_andfuncs/subat_29_withpins_andfuncs.srcs/sources_1/imports/src/lowrisc_ibex_ibex_core_0.1/rtl/ibex_core.sv:142]
WARNING: [VRFC 10-1315] redeclaration of ansi port custom_valid_ex is not allowed [/home/topalc/subat_29_withpins_andfuncs/subat_29_withpins_andfuncs.srcs/sources_1/imports/src/lowrisc_ibex_ibex_core_0.1/rtl/ibex_core.sv:143]
WARNING: [VRFC 10-1315] redeclaration of ansi port custom_data_ex is not allowed [/home/topalc/subat_29_withpins_andfuncs/subat_29_withpins_andfuncs.srcs/sources_1/imports/src/lowrisc_ibex_ibex_core_0.1/rtl/ibex_core.sv:144]
WARNING: [VRFC 10-1315] redeclaration of ansi port ram_addr_out_ex is not allowed [/home/topalc/subat_29_withpins_andfuncs/subat_29_withpins_andfuncs.srcs/sources_1/imports/src/lowrisc_ibex_ibex_core_0.1/rtl/ibex_core.sv:149]
INFO: [VRFC 10-2263] Analyzing SystemVerilog file "/home/topalc/subat_29_withpins_andfuncs/subat_29_withpins_andfuncs.srcs/sources_1/imports/src/lowrisc_ibex_ibex_core_0.1/rtl/ibex_cs_registers.sv" into library xil_defaultlib
INFO: [VRFC 10-311] analyzing module ibex_cs_registers
INFO: [VRFC 10-2263] Analyzing SystemVerilog file "/home/topalc/subat_29_withpins_andfuncs/subat_29_withpins_andfuncs.srcs/sources_1/imports/src/lowrisc_ibex_ibex_core_0.1/rtl/ibex_decoder.sv" into library xil_defaultlib
INFO: [VRFC 10-311] analyzing module ibex_decoder
INFO: [VRFC 10-2263] Analyzing SystemVerilog file "/home/topalc/subat_29_withpins_andfuncs/subat_29_withpins_andfuncs.srcs/sources_1/imports/src/lowrisc_ibex_ibex_core_0.1/rtl/ibex_ex_block.sv" into library xil_defaultlib
INFO: [VRFC 10-311] analyzing module ibex_ex_block
INFO: [VRFC 10-2263] Analyzing SystemVerilog file "/home/topalc/subat_29_withpins_andfuncs/subat_29_withpins_andfuncs.srcs/sources_1/imports/src/lowrisc_ibex_ibex_core_0.1/rtl/ibex_fetch_fifo.sv" into library xil_defaultlib
INFO: [VRFC 10-311] analyzing module ibex_fetch_fifo
INFO: [VRFC 10-2263] Analyzing SystemVerilog file "/home/topalc/subat_29_withpins_andfuncs/subat_29_withpins_andfuncs.srcs/sources_1/imports/src/lowrisc_ibex_ibex_core_0.1/rtl/ibex_id_stage.sv" into library xil_defaultlib
INFO: [VRFC 10-311] analyzing module ibex_id_stage
INFO: [VRFC 10-2263] Analyzing SystemVerilog file "/home/topalc/subat_29_withpins_andfuncs/subat_29_withpins_andfuncs.srcs/sources_1/imports/src/lowrisc_ibex_ibex_core_0.1/rtl/ibex_if_stage.sv" into library xil_defaultlib
INFO: [VRFC 10-311] analyzing module ibex_if_stage
INFO: [VRFC 10-2263] Analyzing SystemVerilog file "/home/topalc/subat_29_withpins_andfuncs/subat_29_withpins_andfuncs.srcs/sources_1/imports/src/lowrisc_ibex_ibex_core_0.1/rtl/ibex_load_store_unit.sv" into library xil_defaultlib
INFO: [VRFC 10-311] analyzing module ibex_load_store_unit
INFO: [VRFC 10-2263] Analyzing SystemVerilog file "/home/topalc/subat_29_withpins_andfuncs/subat_29_withpins_andfuncs.srcs/sources_1/imports/src/lowrisc_ibex_ibex_core_0.1/rtl/ibex_multdiv_fast.sv" into library xil_defaultlib
INFO: [VRFC 10-311] analyzing module ibex_multdiv_fast
INFO: [VRFC 10-2263] Analyzing SystemVerilog file "/home/topalc/subat_29_withpins_andfuncs/subat_29_withpins_andfuncs.srcs/sources_1/imports/src/lowrisc_ibex_ibex_core_0.1/rtl/ibex_multdiv_slow.sv" into library xil_defaultlib
INFO: [VRFC 10-311] analyzing module ibex_multdiv_slow
INFO: [VRFC 10-2263] Analyzing SystemVerilog file "/home/topalc/subat_29_withpins_andfuncs/subat_29_withpins_andfuncs.srcs/sources_1/imports/src/lowrisc_ibex_ibex_core_0.1/rtl/ibex_pmp.sv" into library xil_defaultlib
INFO: [VRFC 10-311] analyzing module ibex_pmp
INFO: [VRFC 10-2263] Analyzing SystemVerilog file "/home/topalc/subat_29_withpins_andfuncs/subat_29_withpins_andfuncs.srcs/sources_1/imports/src/lowrisc_ibex_ibex_core_0.1/rtl/ibex_prefetch_buffer.sv" into library xil_defaultlib
INFO: [VRFC 10-311] analyzing module ibex_prefetch_buffer
INFO: [VRFC 10-2263] Analyzing SystemVerilog file "/home/topalc/subat_29_withpins_andfuncs/subat_29_withpins_andfuncs.srcs/sources_1/imports/src/lowrisc_ibex_ibex_core_0.1/rtl/ibex_register_file_ff.sv" into library xil_defaultlib
INFO: [VRFC 10-311] analyzing module ibex_register_file
INFO: [VRFC 10-2263] Analyzing SystemVerilog file "/home/topalc/subat_29_withpins_andfuncs/subat_29_withpins_andfuncs.srcs/sources_1/imports/src/lowrisc_ibex_top_artya7_100_0.1/rtl/prim_clock_gating.sv" into library xil_defaultlib
INFO: [VRFC 10-311] analyzing module prim_clock_gating
INFO: [VRFC 10-2263] Analyzing SystemVerilog file "/home/topalc/subat_29_withpins_andfuncs/subat_29_withpins_andfuncs.srcs/sources_1/imports/src/lowrisc_ibex_top_artya7_100_0.1/rtl/ram_1p.sv" into library xil_defaultlib
INFO: [VRFC 10-311] analyzing module ram_1p
INFO: [VRFC 10-2263] Analyzing SystemVerilog file "/home/topalc/subat_29_withpins_andfuncs/subat_29_withpins_andfuncs.srcs/sources_1/imports/src/lowrisc_ibex_top_artya7_100_0.1/rtl/top_artya7_100.sv" into library xil_defaultlib
INFO: [VRFC 10-311] analyzing module top_artya7_100
